<?xml version="1.0" encoding="UTF-8"?>
<!-- Generated by org.testng.reporters.JUnitReportReporter -->
<testsuite hostname="DESKTOP-H0PI4DT" failures="0" tests="3" name="alertExample.HandleAlert" time="12.483" errors="0" timestamp="2022-02-18T17:11:33 IST" skipped="0">
  <testcase classname="alertExample.HandleAlert" name="verifyPromptAlert" time="4.122"/>
  <system-out/>
  <testcase classname="alertExample.HandleAlert" name="verifyAlertText_SimpleAlert" time="4.154"/>
  <system-out/>
  <testcase classname="alertExample.HandleAlert" name="verifyConfirmAlert" time="4.207"/>
  <system-out/>
</testsuite> <!-- alertExample.HandleAlert -->
