<?xml version="1.0" encoding="UTF-8"?>
<!-- Generated by org.testng.reporters.JUnitReportReporter -->
<testsuite hostname="DESKTOP-H0PI4DT" failures="0" tests="1" name="excelFileExample.RegisterStudentExcelTest" time="48.220" errors="0" timestamp="2022-02-25T16:05:30 IST" skipped="0">
  <testcase classname="excelFileExample.RegisterStudentExcelTest" name="RegistrationDataDrivernTest" time="48.220"/>
  <system-out/>
</testsuite> <!-- excelFileExample.RegisterStudentExcelTest -->
