<?xml version="1.0" encoding="UTF-8"?>
<!-- Generated by org.testng.reporters.JUnitReportReporter -->
<testsuite hostname="DESKTOP-H0PI4DT" failures="0" tests="1" name="actonExample.DragDropExample" time="3.622" errors="0" timestamp="2022-02-22T17:05:34 IST" skipped="0">
  <testcase classname="actonExample.DragDropExample" name="RightClickTest" time="3.622"/>
  <system-out/>
</testsuite> <!-- actonExample.DragDropExample -->
