<?xml version="1.0" encoding="UTF-8"?>
<!-- Generated by org.testng.reporters.JUnitReportReporter -->
<testsuite hostname="DESKTOP-H0PI4DT" failures="0" tests="1" name="frameExample.PayTmApplication" time="5.847" errors="0" timestamp="2022-02-18T18:00:27 IST" skipped="0">
  <testcase classname="frameExample.PayTmApplication" name="clickOnWatchVideo" time="5.847"/>
  <system-out/>
</testsuite> <!-- frameExample.PayTmApplication -->
