<?xml version="1.0" encoding="UTF-8"?>
<!-- Generated by org.testng.reporters.JUnitReportReporter -->
<testsuite hostname="DESKTOP-H0PI4DT" failures="0" tests="1" name="gridExample.HRMLoginTestGrdiSetup_ChromeBrowser" time="18.676" errors="0" timestamp="2022-02-25T15:53:05 IST" skipped="0">
  <testcase classname="gridExample.HRMLoginTestGrdiSetup_ChromeBrowser" name="login" time="18.676"/>
  <system-out/>
</testsuite> <!-- gridExample.HRMLoginTestGrdiSetup_ChromeBrowser -->
