<?xml version="1.0" encoding="UTF-8"?>
<!-- Generated by org.testng.reporters.JUnitReportReporter -->
<testsuite hostname="DESKTOP-H0PI4DT" failures="0" tests="1" name="testNGExample.HRMLogintest_WebDriverManager" time="0.172" errors="0" timestamp="2022-02-16T16:52:46 IST" skipped="0">
  <testcase classname="testNGExample.HRMLogintest_WebDriverManager" name="login" time="0.172"/>
  <system-out/>
</testsuite> <!-- testNGExample.HRMLogintest_WebDriverManager -->
