<?xml version="1.0" encoding="UTF-8"?>
<!-- Generated by org.testng.reporters.JUnitReportReporter -->
<testsuite hostname="DESKTOP-H0PI4DT" failures="0" tests="1" name="javascriptExample.AmazonTest" time="3.154" errors="0" timestamp="2022-02-21T17:42:07 IST" skipped="0">
  <testcase classname="javascriptExample.AmazonTest" name="searchItem" time="3.154"/>
  <system-out/>
</testsuite> <!-- javascriptExample.AmazonTest -->
