<?xml version="1.0" encoding="UTF-8"?>
<!-- Generated by org.testng.reporters.JUnitReportReporter -->
<testsuite hostname="DESKTOP-H0PI4DT" failures="0" tests="1" name="locatorExample.SampleApp" time="3.119" errors="0" timestamp="2022-02-21T15:38:24 IST" skipped="0">
  <testcase classname="locatorExample.SampleApp" name="searchItem" time="3.119"/>
  <system-out/>
</testsuite> <!-- locatorExample.SampleApp -->
