<?xml version="1.0" encoding="UTF-8"?>
<!-- Generated by org.testng.reporters.JUnitReportReporter -->
<testsuite hostname="DESKTOP-H0PI4DT" failures="0" tests="3" name="dataDrivenTest.HRMLoginTest" time="29.399" errors="0" timestamp="2022-02-23T16:48:36 IST" skipped="0">
  <testcase classname="dataDrivenTest.HRMLoginTest" name="verifyLoginWIthInValid" time="10.054"/>
  <system-out/>
  <testcase classname="dataDrivenTest.HRMLoginTest" name="verifyLoginWIthInValid" time="9.691"/>
  <system-out/>
  <testcase classname="dataDrivenTest.HRMLoginTest" name="verifyLoginWIthInValid" time="9.654"/>
  <system-out/>
</testsuite> <!-- dataDrivenTest.HRMLoginTest -->
