<?xml version="1.0" encoding="UTF-8"?>
<!-- Generated by org.testng.reporters.JUnitReportReporter -->
<testsuite hostname="DESKTOP-H0PI4DT" failures="0" tests="1" name="conditionalWaitExample.HRMLoginTest" time="6.552" errors="0" timestamp="2022-02-23T17:12:49 IST" skipped="0">
  <testcase classname="conditionalWaitExample.HRMLoginTest" name="RightClickTest" time="6.552"/>
  <system-out/>
</testsuite> <!-- conditionalWaitExample.HRMLoginTest -->
