<?xml version="1.0" encoding="UTF-8"?>
<!-- Generated by org.testng.reporters.JUnitReportReporter -->
<testsuite hostname="DESKTOP-H0PI4DT" failures="0" tests="1" name="grid.HRMLoginTestGrdiSetup_ChromeBrowser" time="18.341" errors="0" timestamp="2022-02-25T15:32:58 IST" skipped="0">
  <testcase classname="grid.HRMLoginTestGrdiSetup_ChromeBrowser" name="login" time="18.341"/>
  <system-out/>
</testsuite> <!-- grid.HRMLoginTestGrdiSetup_ChromeBrowser -->
