<?xml version="1.0" encoding="UTF-8"?>
<!-- Generated by org.testng.reporters.JUnitReportReporter -->
<testsuite hostname="DESKTOP-H0PI4DT" failures="0" tests="1" name="controlSampleApplicationExample.HandleListBoxExample" time="6.403" errors="0" timestamp="2022-02-18T15:49:19 IST" skipped="0">
  <testcase classname="controlSampleApplicationExample.HandleListBoxExample" name="listbox2" time="6.403"/>
  <system-out/>
</testsuite> <!-- controlSampleApplicationExample.HandleListBoxExample -->
