<?xml version="1.0" encoding="UTF-8"?>
<!-- Generated by org.testng.reporters.JUnitReportReporter -->
<testsuite hostname="DESKTOP-H0PI4DT" failures="0" tests="1" name="controlSampleApplicationExample.CheckboxRadioButtonExample" time="0.176" errors="0" timestamp="2022-02-18T15:02:15 IST" skipped="0">
  <testcase classname="controlSampleApplicationExample.CheckboxRadioButtonExample" name="handleCheckboxRadio" time="0.176"/>
  <system-out/>
</testsuite> <!-- controlSampleApplicationExample.CheckboxRadioButtonExample -->
