<?xml version="1.0" encoding="UTF-8"?>
<!-- Generated by org.testng.reporters.JUnitReportReporter -->
<testsuite hostname="DESKTOP-H0PI4DT" failures="0" tests="5" name="testNGExample.AmazonTest" time="0.016" errors="0" timestamp="2022-02-22T17:23:10 IST" skipped="1">
  <testcase classname="testNGExample.AmazonTest" name="login" time="0.009"/>
  <system-out/>
  <testcase classname="testNGExample.AmazonTest" name="searchItems" time="0.002"/>
  <system-out/>
  <testcase classname="testNGExample.AmazonTest" name="logout" time="0.004"/>
  <system-out/>
  <testcase classname="testNGExample.AmazonTest" name="payment" time="0.001"/>
  <system-out/>
  <testcase classname="testNGExample.AmazonTest" name="addItemsToCart">
    <skipped/>
  </testcase> <!-- addItemsToCart -->
  <system-out/>
</testsuite> <!-- testNGExample.AmazonTest -->
