<?xml version="1.0" encoding="UTF-8"?>
<!-- Generated by org.testng.reporters.JUnitReportReporter -->
<testsuite hostname="DESKTOP-H0PI4DT" failures="0" tests="1" name="controlExample.Handle_Multiple_Windows_ex_payTM" time="23.213" errors="0" timestamp="2022-02-23T15:07:02 IST" skipped="0">
  <testcase classname="controlExample.Handle_Multiple_Windows_ex_payTM" name="test" time="23.213"/>
  <system-out/>
</testsuite> <!-- controlExample.Handle_Multiple_Windows_ex_payTM -->
