<?xml version="1.0" encoding="UTF-8"?>
<!-- Generated by org.testng.reporters.JUnitReportReporter -->
<testsuite hostname="DESKTOP-H0PI4DT" failures="0" tests="1" name="tests.NOPHomePageTest" time="15.371" errors="0" timestamp="2022-02-24T17:15:14 IST" skipped="0">
  <testcase classname="tests.NOPHomePageTest" name="verifyLogin" time="15.371"/>
  <system-out/>
</testsuite> <!-- tests.NOPHomePageTest -->
