<?xml version="1.0" encoding="UTF-8"?>
<!-- Generated by org.testng.reporters.JUnitReportReporter -->
<testsuite hostname="DESKTOP-H0PI4DT" failures="0" tests="1" name="locatorExample.AmazonTest" time="3.528" errors="0" timestamp="2022-02-21T15:24:15 IST" skipped="0">
  <testcase classname="locatorExample.AmazonTest" name="searchItem" time="3.528"/>
  <system-out/>
</testsuite> <!-- locatorExample.AmazonTest -->
