<?xml version="1.0" encoding="UTF-8"?>
<!-- Generated by org.testng.reporters.JUnitReportReporter -->
<testsuite hostname="DESKTOP-H0PI4DT" failures="0" tests="1" name="actonExample.MoveToElementExample" time="4.726" errors="0" timestamp="2022-02-22T15:01:02 IST" skipped="0">
  <testcase classname="actonExample.MoveToElementExample" name="RightClickTest" time="4.726"/>
  <system-out/>
</testsuite> <!-- actonExample.MoveToElementExample -->
