<?xml version="1.0" encoding="UTF-8"?>
<!-- Generated by org.testng.reporters.JUnitReportReporter -->
<testsuite hostname="DESKTOP-H0PI4DT" failures="0" tests="1" name="frameExample.SelectClassFrameExample" time="0.388" errors="0" timestamp="2022-02-18T18:15:36 IST" skipped="0">
  <testcase classname="frameExample.SelectClassFrameExample" name="clickOnWatchVideo" time="0.388"/>
  <system-out/>
</testsuite> <!-- frameExample.SelectClassFrameExample -->
