<?xml version="1.0" encoding="UTF-8"?>
<!-- Generated by org.testng.reporters.JUnitReportReporter -->
<testsuite hostname="DESKTOP-H0PI4DT" failures="0" tests="2" name="actonExample.AmazonTest" time="4.680" errors="0" timestamp="2022-02-21T18:07:23 IST" skipped="0">
  <testcase classname="actonExample.AmazonTest" name="DoubleClickTest" time="2.224"/>
  <system-out/>
  <testcase classname="actonExample.AmazonTest" name="RightClickTest" time="2.456"/>
  <system-out/>
</testsuite> <!-- actonExample.AmazonTest -->
