<?xml version="1.0" encoding="UTF-8"?>
<!-- Generated by org.testng.reporters.JUnitReportReporter -->
<testsuite hostname="DESKTOP-H0PI4DT" failures="0" tests="1" name="alertExample.HandleAlert2" time="4.229" errors="0" timestamp="2022-02-18T17:18:30 IST" skipped="0">
  <testcase classname="alertExample.HandleAlert2" name="verifyPromptAlert" time="4.229"/>
  <system-out/>
</testsuite> <!-- alertExample.HandleAlert2 -->
