<?xml version="1.0" encoding="UTF-8"?>
<!-- Generated by org.testng.reporters.JUnitReportReporter -->
<testsuite hostname="DESKTOP-H0PI4DT" failures="0" tests="2" name="logExample.HRMLoginTest" time="6.797" errors="0" timestamp="2022-02-24T15:50:21 IST" skipped="0">
  <testcase classname="logExample.HRMLoginTest" name="login" time="4.880"/>
  <system-out/>
  <testcase classname="logExample.HRMLoginTest" name="logout" time="1.917"/>
  <system-out/>
</testsuite> <!-- logExample.HRMLoginTest -->
