<?xml version="1.0" encoding="UTF-8"?>
<!-- Generated by org.testng.reporters.JUnitReportReporter -->
<testsuite hostname="DESKTOP-H0PI4DT" failures="0" tests="1" name="controlExample.AmazonSearchTest" time="0.694" errors="0" timestamp="2022-02-17T14:50:27 IST" skipped="0">
  <testcase classname="controlExample.AmazonSearchTest" name="searchItem" time="0.694"/>
  <system-out/>
</testsuite> <!-- controlExample.AmazonSearchTest -->
