<?xml version="1.0" encoding="UTF-8"?>
<!-- Generated by org.testng.reporters.JUnitReportReporter -->
<testsuite hostname="DESKTOP-H0PI4DT" failures="0" tests="1" name="conditionalWaitExample.ConditionalAlertExample" time="9.316" errors="0" timestamp="2022-02-23T17:18:04 IST" skipped="0">
  <testcase classname="conditionalWaitExample.ConditionalAlertExample" name="verifyAlertPresent" time="9.316"/>
  <system-out/>
</testsuite> <!-- conditionalWaitExample.ConditionalAlertExample -->
