<?xml version="1.0" encoding="UTF-8"?>
<!-- Generated by org.testng.reporters.JUnitReportReporter -->
<testsuite hostname="DESKTOP-H0PI4DT" failures="0" tests="1" name="takeScreenshotExample.AmazonSearchTest" time="6.270" errors="0" timestamp="2022-02-23T15:40:31 IST" skipped="0">
  <testcase classname="takeScreenshotExample.AmazonSearchTest" name="searchItem" time="6.270"/>
  <system-out/>
</testsuite> <!-- takeScreenshotExample.AmazonSearchTest -->
