<?xml version="1.0" encoding="UTF-8"?>
<!-- Generated by org.testng.reporters.JUnitReportReporter -->
<testsuite hostname="DESKTOP-H0PI4DT" failures="0" tests="1" name="excercise.PayTMTest" time="0.605" errors="0" timestamp="2022-02-18T14:44:07 IST" skipped="0">
  <testcase classname="excercise.PayTMTest" name="searchItem" time="0.605"/>
  <system-out/>
</testsuite> <!-- excercise.PayTMTest -->
