<?xml version="1.0" encoding="UTF-8"?>
<!-- Generated by org.testng.reporters.JUnitReportReporter -->
<testsuite hostname="DESKTOP-H0PI4DT" failures="0" tests="1" name="actonExample.DragDropExample2" time="3.832" errors="0" timestamp="2022-02-22T17:05:34 IST" skipped="0">
  <testcase classname="actonExample.DragDropExample2" name="DragDropTest" time="3.832"/>
  <system-out/>
</testsuite> <!-- actonExample.DragDropExample2 -->
