<?xml version="1.0" encoding="UTF-8"?>
<!-- Generated by org.testng.reporters.JUnitReportReporter -->
<testsuite hostname="DESKTOP-H0PI4DT" failures="0" tests="1" name="controlExample.AmazonSearchTest2" time="22.562" errors="0" timestamp="2022-02-17T15:27:57 IST" skipped="0">
  <testcase classname="controlExample.AmazonSearchTest2" name="searchItem" time="22.562"/>
  <system-out/>
</testsuite> <!-- controlExample.AmazonSearchTest2 -->
