<?xml version="1.0" encoding="UTF-8"?>
<!-- Generated by org.testng.reporters.JUnitReportReporter -->
<testsuite hostname="DESKTOP-H0PI4DT" failures="0" tests="1" name="controlSampleApplicationExample.EditBoxExample" time="0.109" errors="0" timestamp="2022-02-18T14:55:44 IST" skipped="0">
  <testcase classname="controlSampleApplicationExample.EditBoxExample" name="enterValue" time="0.109"/>
  <system-out/>
</testsuite> <!-- controlSampleApplicationExample.EditBoxExample -->
