<?xml version="1.0" encoding="UTF-8"?>
<!-- Generated by org.testng.reporters.JUnitReportReporter -->
<testsuite hostname="DESKTOP-H0PI4DT" failures="0" tests="1" name="conditionalWaitExample.ConditionalTest" time="14.320" errors="0" timestamp="2022-02-23T17:04:46 IST" skipped="0">
  <testcase classname="conditionalWaitExample.ConditionalTest" name="RightClickTest" time="14.320"/>
  <system-out/>
</testsuite> <!-- conditionalWaitExample.ConditionalTest -->
