<?xml version="1.0" encoding="UTF-8"?>
<!-- Generated by org.testng.reporters.JUnitReportReporter -->
<testsuite hostname="DESKTOP-H0PI4DT" failures="0" tests="1" name="hrmLoginExample.LoginTest" time="8.379" errors="0" timestamp="2022-02-21T16:58:35 IST" skipped="0">
  <testcase classname="hrmLoginExample.LoginTest" name="login" time="8.379"/>
  <system-out/>
</testsuite> <!-- hrmLoginExample.LoginTest -->
