<?xml version="1.0" encoding="UTF-8"?>
<!-- Generated by org.testng.reporters.JUnitReportReporter -->
<testsuite hostname="DESKTOP-H0PI4DT" failures="0" tests="1" name="excercise.PayTMTest2" time="0.994" errors="0" timestamp="2022-02-21T14:52:49 IST" skipped="0">
  <testcase classname="excercise.PayTMTest2" name="searchItem" time="0.994"/>
  <system-out/>
</testsuite> <!-- excercise.PayTMTest2 -->
