<?xml version="1.0" encoding="UTF-8"?>
<!-- Generated by org.testng.reporters.JUnitReportReporter -->
<testsuite skipped="0" hostname="DESKTOP-H0PI4DT" name="excelFileExample.RegisterStudentExcelTest" tests="1" failures="0" timestamp="2022-02-25T16:53:44 IST" time="62.808" errors="0">
  <testcase name="RegistrationDataDrivernTest" time="62.808" classname="excelFileExample.RegisterStudentExcelTest"/>
  <system-out/>
</testsuite> <!-- excelFileExample.RegisterStudentExcelTest -->
