<?xml version="1.0" encoding="UTF-8"?>
<!-- Generated by org.testng.reporters.JUnitReportReporter -->
<testsuite skipped="0" hostname="DESKTOP-H0PI4DT" name="takeScreenshotExample.AmazonSearchTest" tests="1" failures="0" timestamp="2022-02-23T16:06:54 IST" time="5.330" errors="0">
  <testcase name="searchItem" time="5.330" classname="takeScreenshotExample.AmazonSearchTest"/>
  <system-out/>
</testsuite> <!-- takeScreenshotExample.AmazonSearchTest -->
